<?xml version="1.0" encoding="UTF-8"?>
<!-- Generated by org.testng.reporters.JUnitXMLReporter -->
<testsuite ignored="6" hostname="DESKTOP-QOOD05B" failures="0" tests="0" time="0.013" errors="0" timestamp="2023-08-01T10:21:01 ICT">
  <testcase classname="testing.NhanVienDAOTest" name="testDeleteWithNullModel" time="0.0">
    <ignored/>
  </testcase> <!-- testDeleteWithNullModel -->
  <testcase classname="testing.NhanVienDAOTest" name="testUpdateWithNullModel" time="0.0">
    <ignored/>
  </testcase> <!-- testUpdateWithNullModel -->
  <testcase classname="testing.NhanVienDAOTest" name="testInsertWithNullModel" time="0.0">
    <ignored/>
  </testcase> <!-- testInsertWithNullModel -->
  <testcase classname="testing.NhanVienDAOTest" name="testUpdateWithValidModel" time="0.0">
    <ignored/>
  </testcase> <!-- testUpdateWithValidModel -->
  <testcase classname="testing.NhanVienDAOTest" name="testInsertWithValidModel" time="0.0">
    <ignored/>
  </testcase> <!-- testInsertWithValidModel -->
  <testcase classname="testing.NhanVienDAOTest" name="testDeleteWithValidModel" time="0.0">
    <ignored/>
  </testcase> <!-- testDeleteWithValidModel -->
</testsuite>
